<?xml version="1.0" encoding="UTF-8"?>
<!-- Generated by org.testng.reporters.JUnitReportReporter -->
<testsuite hostname="LAPTOP-30NBV301" failures="0" tests="4" name="auto.SoftAsssert" time="13.980" errors="0" timestamp="2022-10-30T22:12:02 IST" skipped="0">
  <testcase classname="auto.SoftAsssert" name="getTitle" time="0.038"/>
  <system-out/>
  <testcase classname="auto.SoftAsssert" name="getUrl" time="0.010"/>
  <system-out/>
  <testcase classname="auto.SoftAsssert" name="goToSignInPage" time="8.455"/>
  <system-out/>
  <testcase classname="auto.SoftAsssert" name="SignInFunct" time="5.477"/>
  <system-out/>
</testsuite> <!-- auto.SoftAsssert -->
