<?xml version="1.0" encoding="UTF-8"?>
<!-- Generated by org.testng.reporters.JUnitReportReporter -->
<testsuite hostname="LAPTOP-30NBV301" failures="0" tests="4" name="auto.Annotation" time="13.163" errors="0" timestamp="2022-10-30T21:57:11 IST" skipped="0">
  <testcase classname="auto.Annotation" name="getTitle" time="0.037"/>
  <system-out/>
  <testcase classname="auto.Annotation" name="getUrl" time="0.011"/>
  <system-out/>
  <testcase classname="auto.Annotation" name="goToSignInPage" time="7.709"/>
  <system-out/>
  <testcase classname="auto.Annotation" name="SignInFunct" time="5.406"/>
  <system-out/>
</testsuite> <!-- auto.Annotation -->
