<?xml version="1.0" encoding="UTF-8"?>
<!-- Generated by org.testng.reporters.JUnitReportReporter -->
<testsuite hostname="LAPTOP-30NBV301" failures="0" tests="3" name="auto.Parameter" time="10.842" errors="0" timestamp="2022-11-08T10:46:23 IST" skipped="0">
  <testcase classname="auto.Parameter" name="LoginFunction" time="3.440"/>
  <system-out/>
  <testcase classname="auto.Parameter" name="LoginFunction" time="3.852"/>
  <system-out/>
  <testcase classname="auto.Parameter" name="LoginFunction" time="3.550"/>
  <system-out/>
</testsuite> <!-- auto.Parameter -->
